<?xml version="1.0" encoding="UTF-8"?>
<testsuite xmlns:xsi="http://www.w3.org/2001/XMLSchema-instance" xsi:noNamespaceSchemaLocation="https://maven.apache.org/surefire/maven-surefire-plugin/xsd/surefire-test-report-3.0.xsd" version="3.0" name="com.example.framework.jmeter.JMeterPerformanceTest" time="0.243" tests="2" errors="2" skipped="0" failures="0">
  <properties>
    <property name="socksProxyHost" value="127.0.0.1"/>
    <property name="http.proxyHost" value="127.0.0.1"/>
    <property name="java.specification.version" value="23"/>
    <property name="sun.jnu.encoding" value="UTF-8"/>
    <property name="java.class.path" value="/Users/shiyue/Project/JmeterFramework/target/test-classes:/Users/shiyue/Project/JmeterFramework/target/classes:/Users/shiyue/.m2/repository/org/apache/jmeter/ApacheJMeter_core/5.6.2/ApacheJMeter_core-5.6.2.jar:/Users/shiyue/.m2/repository/org/apache/jmeter/ApacheJMeter/5.6.2/ApacheJMeter-5.6.2.jar:/Users/shiyue/.m2/repository/org/apache/jmeter/jorphan/5.6.2/jorphan-5.6.2.jar:/Users/shiyue/.m2/repository/bsf/bsf/2.4.0/bsf-2.4.0.jar:/Users/shiyue/.m2/repository/commons-logging/commons-logging/1.0.4/commons-logging-1.0.4.jar:/Users/shiyue/.m2/repository/com/fifesoft/rsyntaxtextarea/3.3.3/rsyntaxtextarea-3.3.3.jar:/Users/shiyue/.m2/repository/net/sf/jtidy/jtidy/r938/jtidy-r938.jar:/Users/shiyue/.m2/repository/com/thoughtworks/xstream/xstream/1.4.20/xstream-1.4.20.jar:/Users/shiyue/.m2/repository/io/github/x-stream/mxparser/1.2.2/mxparser-1.2.2.jar:/Users/shiyue/.m2/repository/xmlpull/xmlpull/1.1.3.1/xmlpull-1.1.3.1.jar:/Users/shiyue/.m2/repository/org/apache/logging/log4j/log4j-1.2-api/2.20.0/log4j-1.2-api-2.20.0.jar:/Users/shiyue/.m2/repository/org/apache/logging/log4j/log4j-api/2.20.0/log4j-api-2.20.0.jar:/Users/shiyue/.m2/repository/org/apache/logging/log4j/log4j-core/2.20.0/log4j-core-2.20.0.jar:/Users/shiyue/.m2/repository/org/apache/logging/log4j/log4j-slf4j-impl/2.20.0/log4j-slf4j-impl-2.20.0.jar:/Users/shiyue/.m2/repository/org/apiguardian/apiguardian-api/1.1.2/apiguardian-api-1.1.2.jar:/Users/shiyue/.m2/repository/oro/oro/2.0.8/oro-2.0.8.jar:/Users/shiyue/.m2/repository/xalan/xalan/2.7.3/xalan-2.7.3.jar:/Users/shiyue/.m2/repository/xalan/serializer/2.7.3/serializer-2.7.3.jar:/Users/shiyue/.m2/repository/xml-apis/xml-apis/1.4.01/xml-apis-1.4.01.jar:/Users/shiyue/.m2/repository/net/sf/saxon/Saxon-HE/11.5/Saxon-HE-11.5.jar:/Users/shiyue/.m2/repository/org/xmlresolver/xmlresolver/4.6.4/xmlresolver-4.6.4.jar:/Users/shiyue/.m2/repository/org/apache/httpcomponents/client5/httpclient5/5.1.3/httpclient5-5.1.3.jar:/Users/shiyue/.m2/repository/org/apache/httpcomponents/core5/httpcore5-h2/5.1.3/httpcore5-h2-5.1.3.jar:/Users/shiyue/.m2/repository/org/apache/httpcomponents/core5/httpcore5/5.1.3/httpcore5-5.1.3.jar:/Users/shiyue/.m2/repository/org/xmlresolver/xmlresolver/4.6.4/xmlresolver-4.6.4-data.jar:/Users/shiyue/.m2/repository/org/jetbrains/kotlin/kotlin-stdlib-jdk8/1.8.22/kotlin-stdlib-jdk8-1.8.22.jar:/Users/shiyue/.m2/repository/org/jetbrains/kotlin/kotlin-stdlib/1.8.22/kotlin-stdlib-1.8.22.jar:/Users/shiyue/.m2/repository/org/jetbrains/kotlin/kotlin-stdlib-jdk7/1.8.22/kotlin-stdlib-jdk7-1.8.22.jar:/Users/shiyue/.m2/repository/com/google/auto/service/auto-service-annotations/1.1.1/auto-service-annotations-1.1.1.jar:/Users/shiyue/.m2/repository/org/jetbrains/kotlinx/kotlinx-coroutines-core/1.7.1/kotlinx-coroutines-core-1.7.1.jar:/Users/shiyue/.m2/repository/org/jetbrains/kotlinx/kotlinx-coroutines-core-jvm/1.7.1/kotlinx-coroutines-core-jvm-1.7.1.jar:/Users/shiyue/.m2/repository/org/jetbrains/kotlinx/kotlinx-coroutines-swing/1.7.1/kotlinx-coroutines-swing-1.7.1.jar:/Users/shiyue/.m2/repository/com/fasterxml/jackson/core/jackson-annotations/2.15.2/jackson-annotations-2.15.2.jar:/Users/shiyue/.m2/repository/com/fasterxml/jackson/core/jackson-core/2.15.2/jackson-core-2.15.2.jar:/Users/shiyue/.m2/repository/com/fasterxml/jackson/core/jackson-databind/2.15.2/jackson-databind-2.15.2.jar:/Users/shiyue/.m2/repository/com/formdev/svgSalamander/1.1.4/svgSalamander-1.1.4.jar:/Users/shiyue/.m2/repository/com/github/ben-manes/caffeine/caffeine/2.9.3/caffeine-2.9.3.jar:/Users/shiyue/.m2/repository/org/checkerframework/checker-qual/3.19.0/checker-qual-3.19.0.jar:/Users/shiyue/.m2/repository/com/google/errorprone/error_prone_annotations/2.10.0/error_prone_annotations-2.10.0.jar:/Users/shiyue/.m2/repository/com/github/weisj/darklaf-core/2.7.3/darklaf-core-2.7.3.jar:/Users/shiyue/.m2/repository/com/github/weisj/darklaf-utils/2.7.3/darklaf-utils-2.7.3.jar:/Users/shiyue/.m2/repository/com/github/weisj/darklaf-native-utils/2.7.3/darklaf-native-utils-2.7.3.jar:/Users/shiyue/.m2/repository/com/github/weisj/darklaf-platform-base/2.7.3/darklaf-platform-base-2.7.3.jar:/Users/shiyue/.m2/repository/com/github/weisj/darklaf-windows/2.7.3/darklaf-windows-2.7.3.jar:/Users/shiyue/.m2/repository/com/github/weisj/darklaf-macos/2.7.3/darklaf-macos-2.7.3.jar:/Users/shiyue/.m2/repository/com/github/weisj/swing-extensions-laf-support/0.1.3/swing-extensions-laf-support-0.1.3.jar:/Users/shiyue/.m2/repository/com/github/weisj/darklaf-theme/2.7.3/darklaf-theme-2.7.3.jar:/Users/shiyue/.m2/repository/com/github/weisj/darklaf-property-loader/2.7.3/darklaf-property-loader-2.7.3.jar:/Users/shiyue/.m2/repository/com/github/weisj/swing-extensions-visual-padding/0.1.3/swing-extensions-visual-padding-0.1.3.jar:/Users/shiyue/.m2/repository/org/jetbrains/annotations/16.0.2/annotations-16.0.2.jar:/Users/shiyue/.m2/repository/com/github/weisj/darklaf-extensions-rsyntaxarea/0.3.4/darklaf-extensions-rsyntaxarea-0.3.4.jar:/Users/shiyue/.m2/repository/com/miglayout/miglayout-swing/5.3/miglayout-swing-5.3.jar:/Users/shiyue/.m2/repository/com/miglayout/miglayout-core/5.3/miglayout-core-5.3.jar:/Users/shiyue/.m2/repository/commons-codec/commons-codec/1.15/commons-codec-1.15.jar:/Users/shiyue/.m2/repository/org/jetbrains/lets-plot/lets-plot-batik/3.2.0/lets-plot-batik-3.2.0.jar:/Users/shiyue/.m2/repository/org/apache/xmlgraphics/batik-codec/1.16/batik-codec-1.16.jar:/Users/shiyue/.m2/repository/org/apache/xmlgraphics/batik-awt-util/1.16/batik-awt-util-1.16.jar:/Users/shiyue/.m2/repository/org/apache/xmlgraphics/batik-bridge/1.16/batik-bridge-1.16.jar:/Users/shiyue/.m2/repository/org/apache/xmlgraphics/batik-anim/1.16/batik-anim-1.16.jar:/Users/shiyue/.m2/repository/org/apache/xmlgraphics/batik-ext/1.16/batik-ext-1.16.jar:/Users/shiyue/.m2/repository/org/apache/xmlgraphics/batik-css/1.16/batik-css-1.16.jar:/Users/shiyue/.m2/repository/org/apache/xmlgraphics/batik-dom/1.16/batik-dom-1.16.jar:/Users/shiyue/.m2/repository/org/apache/xmlgraphics/batik-gvt/1.16/batik-gvt-1.16.jar:/Users/shiyue/.m2/repository/org/apache/xmlgraphics/batik-parser/1.16/batik-parser-1.16.jar:/Users/shiyue/.m2/repository/org/apache/xmlgraphics/batik-script/1.16/batik-script-1.16.jar:/Users/shiyue/.m2/repository/org/apache/xmlgraphics/batik-svg-dom/1.16/batik-svg-dom-1.16.jar:/Users/shiyue/.m2/repository/org/apache/xmlgraphics/batik-xml/1.16/batik-xml-1.16.jar:/Users/shiyue/.m2/repository/xml-apis/xml-apis-ext/1.3.04/xml-apis-ext-1.3.04.jar:/Users/shiyue/.m2/repository/org/apache/xmlgraphics/batik-shared-resources/1.16/batik-shared-resources-1.16.jar:/Users/shiyue/.m2/repository/org/apache/xmlgraphics/batik-transcoder/1.16/batik-transcoder-1.16.jar:/Users/shiyue/.m2/repository/org/apache/xmlgraphics/batik-svggen/1.16/batik-svggen-1.16.jar:/Users/shiyue/.m2/repository/org/apache/xmlgraphics/batik-util/1.16/batik-util-1.16.jar:/Users/shiyue/.m2/repository/org/apache/xmlgraphics/batik-constants/1.16/batik-constants-1.16.jar:/Users/shiyue/.m2/repository/org/apache/xmlgraphics/batik-i18n/1.16/batik-i18n-1.16.jar:/Users/shiyue/.m2/repository/org/jetbrains/lets-plot/lets-plot-common/3.2.0/lets-plot-common-3.2.0.jar:/Users/shiyue/.m2/repository/io/github/microutils/kotlin-logging/2.0.5/kotlin-logging-2.0.5.jar:/Users/shiyue/.m2/repository/org/jetbrains/kotlinx/kotlinx-html-jvm/0.7.3/kotlinx-html-jvm-0.7.3.jar:/Users/shiyue/.m2/repository/org/jetbrains/lets-plot/lets-plot-kotlin-jvm/4.4.1/lets-plot-kotlin-jvm-4.4.1.jar:/Users/shiyue/.m2/repository/org/jetbrains/lets-plot/base-portable-jvm/3.2.0/base-portable-jvm-3.2.0.jar:/Users/shiyue/.m2/repository/org/jetbrains/lets-plot/plot-base-portable-jvm/3.2.0/plot-base-portable-jvm-3.2.0.jar:/Users/shiyue/.m2/repository/org/jetbrains/lets-plot/vis-svg-portable-jvm/3.2.0/vis-svg-portable-jvm-3.2.0.jar:/Users/shiyue/.m2/repository/org/jetbrains/lets-plot/plot-common-portable-jvm/3.2.0/plot-common-portable-jvm-3.2.0.jar:/Users/shiyue/.m2/repository/org/jetbrains/lets-plot/plot-builder-portable-jvm/3.2.0/plot-builder-portable-jvm-3.2.0.jar:/Users/shiyue/.m2/repository/org/jetbrains/lets-plot/plot-config-portable-jvm/3.2.0/plot-config-portable-jvm-3.2.0.jar:/Users/shiyue/.m2/repository/org/jetbrains/kotlin/kotlin-stdlib-common/1.7.21/kotlin-stdlib-common-1.7.21.jar:/Users/shiyue/.m2/repository/io/github/microutils/kotlin-logging-jvm/2.0.5/kotlin-logging-jvm-2.0.5.jar:/Users/shiyue/.m2/repository/org/apache/commons/commons-collections4/4.4/commons-collections4-4.4.jar:/Users/shiyue/.m2/repository/org/apache/commons/commons-math3/3.6.1/commons-math3-3.6.1.jar:/Users/shiyue/.m2/repository/org/apache/commons/commons-text/1.10.0/commons-text-1.10.0.jar:/Users/shiyue/.m2/repository/org/apache/tika/tika-core/1.28.5/tika-core-1.28.5.jar:/Users/shiyue/.m2/repository/org/apache/xmlgraphics/xmlgraphics-commons/2.8/xmlgraphics-commons-2.8.jar:/Users/shiyue/.m2/repository/org/freemarker/freemarker/2.3.32/freemarker-2.3.32.jar:/Users/shiyue/.m2/repository/org/jodd/jodd-core/5.0.13/jodd-core-5.0.13.jar:/Users/shiyue/.m2/repository/org/jodd/jodd-props/5.0.13/jodd-props-5.0.13.jar:/Users/shiyue/.m2/repository/org/mozilla/rhino/1.7.14/rhino-1.7.14.jar:/Users/shiyue/.m2/repository/org/slf4j/jcl-over-slf4j/1.7.36/jcl-over-slf4j-1.7.36.jar:/Users/shiyue/.m2/repository/org/codehaus/groovy/groovy/3.0.17/groovy-3.0.17.jar:/Users/shiyue/.m2/repository/org/codehaus/groovy/groovy-dateutil/3.0.17/groovy-dateutil-3.0.17.jar:/Users/shiyue/.m2/repository/org/codehaus/groovy/groovy-datetime/3.0.17/groovy-datetime-3.0.17.jar:/Users/shiyue/.m2/repository/org/codehaus/groovy/groovy-jmx/3.0.17/groovy-jmx-3.0.17.jar:/Users/shiyue/.m2/repository/org/codehaus/groovy/groovy-json/3.0.17/groovy-json-3.0.17.jar:/Users/shiyue/.m2/repository/org/codehaus/groovy/groovy-jsr223/3.0.17/groovy-jsr223-3.0.17.jar:/Users/shiyue/.m2/repository/org/codehaus/groovy/groovy-sql/3.0.17/groovy-sql-3.0.17.jar:/Users/shiyue/.m2/repository/org/codehaus/groovy/groovy-templates/3.0.17/groovy-templates-3.0.17.jar:/Users/shiyue/.m2/repository/org/codehaus/groovy/groovy-xml/3.0.17/groovy-xml-3.0.17.jar:/Users/shiyue/.m2/repository/commons-collections/commons-collections/3.2.2/commons-collections-3.2.2.jar:/Users/shiyue/.m2/repository/org/apache/tika/tika-parsers/1.28.5/tika-parsers-1.28.5.jar:/Users/shiyue/.m2/repository/xerces/xercesImpl/2.12.2/xercesImpl-2.12.2.jar:/Users/shiyue/.m2/repository/org/apache/jmeter/ApacheJMeter_http/5.6.2/ApacheJMeter_http-5.6.2.jar:/Users/shiyue/.m2/repository/org/apache/jmeter/ApacheJMeter_components/5.6.2/ApacheJMeter_components-5.6.2.jar:/Users/shiyue/.m2/repository/org/apache-extras/beanshell/bsh/2.0b6/bsh-2.0b6.jar:/Users/shiyue/.m2/repository/javax/mail/mail/1.5.0-b01/mail-1.5.0-b01.jar:/Users/shiyue/.m2/repository/io/burt/jmespath-core/0.5.1/jmespath-core-0.5.1.jar:/Users/shiyue/.m2/repository/io/burt/jmespath-jackson/0.5.1/jmespath-jackson-0.5.1.jar:/Users/shiyue/.m2/repository/jcharts/jcharts/0.7.5/jcharts-0.7.5.jar:/Users/shiyue/.m2/repository/net/minidev/json-smart/2.4.11/json-smart-2.4.11.jar:/Users/shiyue/.m2/repository/net/minidev/accessors-smart/2.4.11/accessors-smart-2.4.11.jar:/Users/shiyue/.m2/repository/org/apache/commons/commons-pool2/2.11.1/commons-pool2-2.11.1.jar:/Users/shiyue/.m2/repository/org/ow2/asm/asm/9.5/asm-9.5.jar:/Users/shiyue/.m2/repository/com/jayway/jsonpath/json-path/2.8.0/json-path-2.8.0.jar:/Users/shiyue/.m2/repository/org/apache/httpcomponents/httpasyncclient/4.1.5/httpasyncclient-4.1.5.jar:/Users/shiyue/.m2/repository/org/apache/httpcomponents/httpcore-nio/4.4.16/httpcore-nio-4.4.16.jar:/Users/shiyue/.m2/repository/com/sun/activation/javax.activation/1.2.0/javax.activation-1.2.0.jar:/Users/shiyue/.m2/repository/commons-io/commons-io/2.12.0/commons-io-2.12.0.jar:/Users/shiyue/.m2/repository/org/jodd/jodd-lagarto/5.0.13/jodd-lagarto-5.0.13.jar:/Users/shiyue/.m2/repository/org/jodd/jodd-log/5.0.13/jodd-log-5.0.13.jar:/Users/shiyue/.m2/repository/org/jsoup/jsoup/1.16.1/jsoup-1.16.1.jar:/Users/shiyue/.m2/repository/commons-net/commons-net/3.9.0/commons-net-3.9.0.jar:/Users/shiyue/.m2/repository/com/helger/commons/ph-commons/10.2.5/ph-commons-10.2.5.jar:/Users/shiyue/.m2/repository/com/helger/ph-css/6.5.0/ph-css-6.5.0.jar:/Users/shiyue/.m2/repository/dnsjava/dnsjava/2.1.9/dnsjava-2.1.9.jar:/Users/shiyue/.m2/repository/org/apache/httpcomponents/httpmime/4.5.14/httpmime-4.5.14.jar:/Users/shiyue/.m2/repository/org/apache/httpcomponents/httpclient/4.5.14/httpclient-4.5.14.jar:/Users/shiyue/.m2/repository/org/apache/httpcomponents/httpcore/4.4.16/httpcore-4.4.16.jar:/Users/shiyue/.m2/repository/org/brotli/dec/0.1.2/dec-0.1.2.jar:/Users/shiyue/.m2/repository/com/aventstack/extentreports/5.1.1/extentreports-5.1.1.jar:/Users/shiyue/.m2/repository/io/reactivex/rxjava3/rxjava/3.1.6/rxjava-3.1.6.jar:/Users/shiyue/.m2/repository/org/reactivestreams/reactive-streams/1.0.4/reactive-streams-1.0.4.jar:/Users/shiyue/.m2/repository/com/google/code/gson/gson/2.10.1/gson-2.10.1.jar:/Users/shiyue/.m2/repository/org/projectlombok/lombok/1.18.30/lombok-1.18.30.jar:/Users/shiyue/.m2/repository/junit/junit/4.13.2/junit-4.13.2.jar:/Users/shiyue/.m2/repository/org/hamcrest/hamcrest-core/1.3/hamcrest-core-1.3.jar:/Users/shiyue/.m2/repository/org/slf4j/slf4j-api/2.0.9/slf4j-api-2.0.9.jar:/Users/shiyue/.m2/repository/ch/qos/logback/logback-classic/1.4.11/logback-classic-1.4.11.jar:/Users/shiyue/.m2/repository/ch/qos/logback/logback-core/1.4.11/logback-core-1.4.11.jar:/Users/shiyue/.m2/repository/com/alibaba/fastjson/2.0.42/fastjson-2.0.42.jar:/Users/shiyue/.m2/repository/com/alibaba/fastjson2/fastjson2-extension/2.0.42/fastjson2-extension-2.0.42.jar:/Users/shiyue/.m2/repository/com/alibaba/fastjson2/fastjson2/2.0.42/fastjson2-2.0.42.jar:/Users/shiyue/.m2/repository/org/apache/commons/commons-lang3/3.13.0/commons-lang3-3.13.0.jar:"/>
    <property name="https.proxyPort" value="7890"/>
    <property name="java.vm.vendor" value="Oracle Corporation"/>
    <property name="sun.arch.data.model" value="64"/>
    <property name="java.vendor.url" value="https://java.oracle.com/"/>
    <property name="os.name" value="Mac OS X"/>
    <property name="java.vm.specification.version" value="23"/>
    <property name="sun.java.launcher" value="SUN_STANDARD"/>
    <property name="user.country" value="CN"/>
    <property name="sun.boot.library.path" value="/Library/Java/JavaVirtualMachines/jdk-23.jdk/Contents/Home/lib"/>
    <property name="sun.java.command" value="/Users/shiyue/Project/JmeterFramework/target/surefire/surefirebooter-20250316221230492_3.jar /Users/shiyue/Project/JmeterFramework/target/surefire 2025-03-16T22-12-30_422-jvmRun1 surefire-20250316221230492_1tmp surefire_0-20250316221230492_2tmp"/>
    <property name="http.nonProxyHosts" value="192.168.0.0/16|*.192.168.0.0/16|10.0.0.0/8|*.10.0.0.0/8|172.16.0.0/12|*.172.16.0.0/12|127.0.0.1|localhost|*.localhost|local|*.local|timestamp.apple.com|*.timestamp.apple.com|sequoia.apple.com|*.sequoia.apple.com|seed-sequoia.siri.apple.com|*.seed-sequoia.siri.apple.com"/>
    <property name="jdk.debug" value="release"/>
    <property name="surefire.test.class.path" value="/Users/shiyue/Project/JmeterFramework/target/test-classes:/Users/shiyue/Project/JmeterFramework/target/classes:/Users/shiyue/.m2/repository/org/apache/jmeter/ApacheJMeter_core/5.6.2/ApacheJMeter_core-5.6.2.jar:/Users/shiyue/.m2/repository/org/apache/jmeter/ApacheJMeter/5.6.2/ApacheJMeter-5.6.2.jar:/Users/shiyue/.m2/repository/org/apache/jmeter/jorphan/5.6.2/jorphan-5.6.2.jar:/Users/shiyue/.m2/repository/bsf/bsf/2.4.0/bsf-2.4.0.jar:/Users/shiyue/.m2/repository/commons-logging/commons-logging/1.0.4/commons-logging-1.0.4.jar:/Users/shiyue/.m2/repository/com/fifesoft/rsyntaxtextarea/3.3.3/rsyntaxtextarea-3.3.3.jar:/Users/shiyue/.m2/repository/net/sf/jtidy/jtidy/r938/jtidy-r938.jar:/Users/shiyue/.m2/repository/com/thoughtworks/xstream/xstream/1.4.20/xstream-1.4.20.jar:/Users/shiyue/.m2/repository/io/github/x-stream/mxparser/1.2.2/mxparser-1.2.2.jar:/Users/shiyue/.m2/repository/xmlpull/xmlpull/1.1.3.1/xmlpull-1.1.3.1.jar:/Users/shiyue/.m2/repository/org/apache/logging/log4j/log4j-1.2-api/2.20.0/log4j-1.2-api-2.20.0.jar:/Users/shiyue/.m2/repository/org/apache/logging/log4j/log4j-api/2.20.0/log4j-api-2.20.0.jar:/Users/shiyue/.m2/repository/org/apache/logging/log4j/log4j-core/2.20.0/log4j-core-2.20.0.jar:/Users/shiyue/.m2/repository/org/apache/logging/log4j/log4j-slf4j-impl/2.20.0/log4j-slf4j-impl-2.20.0.jar:/Users/shiyue/.m2/repository/org/apiguardian/apiguardian-api/1.1.2/apiguardian-api-1.1.2.jar:/Users/shiyue/.m2/repository/oro/oro/2.0.8/oro-2.0.8.jar:/Users/shiyue/.m2/repository/xalan/xalan/2.7.3/xalan-2.7.3.jar:/Users/shiyue/.m2/repository/xalan/serializer/2.7.3/serializer-2.7.3.jar:/Users/shiyue/.m2/repository/xml-apis/xml-apis/1.4.01/xml-apis-1.4.01.jar:/Users/shiyue/.m2/repository/net/sf/saxon/Saxon-HE/11.5/Saxon-HE-11.5.jar:/Users/shiyue/.m2/repository/org/xmlresolver/xmlresolver/4.6.4/xmlresolver-4.6.4.jar:/Users/shiyue/.m2/repository/org/apache/httpcomponents/client5/httpclient5/5.1.3/httpclient5-5.1.3.jar:/Users/shiyue/.m2/repository/org/apache/httpcomponents/core5/httpcore5-h2/5.1.3/httpcore5-h2-5.1.3.jar:/Users/shiyue/.m2/repository/org/apache/httpcomponents/core5/httpcore5/5.1.3/httpcore5-5.1.3.jar:/Users/shiyue/.m2/repository/org/xmlresolver/xmlresolver/4.6.4/xmlresolver-4.6.4-data.jar:/Users/shiyue/.m2/repository/org/jetbrains/kotlin/kotlin-stdlib-jdk8/1.8.22/kotlin-stdlib-jdk8-1.8.22.jar:/Users/shiyue/.m2/repository/org/jetbrains/kotlin/kotlin-stdlib/1.8.22/kotlin-stdlib-1.8.22.jar:/Users/shiyue/.m2/repository/org/jetbrains/kotlin/kotlin-stdlib-jdk7/1.8.22/kotlin-stdlib-jdk7-1.8.22.jar:/Users/shiyue/.m2/repository/com/google/auto/service/auto-service-annotations/1.1.1/auto-service-annotations-1.1.1.jar:/Users/shiyue/.m2/repository/org/jetbrains/kotlinx/kotlinx-coroutines-core/1.7.1/kotlinx-coroutines-core-1.7.1.jar:/Users/shiyue/.m2/repository/org/jetbrains/kotlinx/kotlinx-coroutines-core-jvm/1.7.1/kotlinx-coroutines-core-jvm-1.7.1.jar:/Users/shiyue/.m2/repository/org/jetbrains/kotlinx/kotlinx-coroutines-swing/1.7.1/kotlinx-coroutines-swing-1.7.1.jar:/Users/shiyue/.m2/repository/com/fasterxml/jackson/core/jackson-annotations/2.15.2/jackson-annotations-2.15.2.jar:/Users/shiyue/.m2/repository/com/fasterxml/jackson/core/jackson-core/2.15.2/jackson-core-2.15.2.jar:/Users/shiyue/.m2/repository/com/fasterxml/jackson/core/jackson-databind/2.15.2/jackson-databind-2.15.2.jar:/Users/shiyue/.m2/repository/com/formdev/svgSalamander/1.1.4/svgSalamander-1.1.4.jar:/Users/shiyue/.m2/repository/com/github/ben-manes/caffeine/caffeine/2.9.3/caffeine-2.9.3.jar:/Users/shiyue/.m2/repository/org/checkerframework/checker-qual/3.19.0/checker-qual-3.19.0.jar:/Users/shiyue/.m2/repository/com/google/errorprone/error_prone_annotations/2.10.0/error_prone_annotations-2.10.0.jar:/Users/shiyue/.m2/repository/com/github/weisj/darklaf-core/2.7.3/darklaf-core-2.7.3.jar:/Users/shiyue/.m2/repository/com/github/weisj/darklaf-utils/2.7.3/darklaf-utils-2.7.3.jar:/Users/shiyue/.m2/repository/com/github/weisj/darklaf-native-utils/2.7.3/darklaf-native-utils-2.7.3.jar:/Users/shiyue/.m2/repository/com/github/weisj/darklaf-platform-base/2.7.3/darklaf-platform-base-2.7.3.jar:/Users/shiyue/.m2/repository/com/github/weisj/darklaf-windows/2.7.3/darklaf-windows-2.7.3.jar:/Users/shiyue/.m2/repository/com/github/weisj/darklaf-macos/2.7.3/darklaf-macos-2.7.3.jar:/Users/shiyue/.m2/repository/com/github/weisj/swing-extensions-laf-support/0.1.3/swing-extensions-laf-support-0.1.3.jar:/Users/shiyue/.m2/repository/com/github/weisj/darklaf-theme/2.7.3/darklaf-theme-2.7.3.jar:/Users/shiyue/.m2/repository/com/github/weisj/darklaf-property-loader/2.7.3/darklaf-property-loader-2.7.3.jar:/Users/shiyue/.m2/repository/com/github/weisj/swing-extensions-visual-padding/0.1.3/swing-extensions-visual-padding-0.1.3.jar:/Users/shiyue/.m2/repository/org/jetbrains/annotations/16.0.2/annotations-16.0.2.jar:/Users/shiyue/.m2/repository/com/github/weisj/darklaf-extensions-rsyntaxarea/0.3.4/darklaf-extensions-rsyntaxarea-0.3.4.jar:/Users/shiyue/.m2/repository/com/miglayout/miglayout-swing/5.3/miglayout-swing-5.3.jar:/Users/shiyue/.m2/repository/com/miglayout/miglayout-core/5.3/miglayout-core-5.3.jar:/Users/shiyue/.m2/repository/commons-codec/commons-codec/1.15/commons-codec-1.15.jar:/Users/shiyue/.m2/repository/org/jetbrains/lets-plot/lets-plot-batik/3.2.0/lets-plot-batik-3.2.0.jar:/Users/shiyue/.m2/repository/org/apache/xmlgraphics/batik-codec/1.16/batik-codec-1.16.jar:/Users/shiyue/.m2/repository/org/apache/xmlgraphics/batik-awt-util/1.16/batik-awt-util-1.16.jar:/Users/shiyue/.m2/repository/org/apache/xmlgraphics/batik-bridge/1.16/batik-bridge-1.16.jar:/Users/shiyue/.m2/repository/org/apache/xmlgraphics/batik-anim/1.16/batik-anim-1.16.jar:/Users/shiyue/.m2/repository/org/apache/xmlgraphics/batik-ext/1.16/batik-ext-1.16.jar:/Users/shiyue/.m2/repository/org/apache/xmlgraphics/batik-css/1.16/batik-css-1.16.jar:/Users/shiyue/.m2/repository/org/apache/xmlgraphics/batik-dom/1.16/batik-dom-1.16.jar:/Users/shiyue/.m2/repository/org/apache/xmlgraphics/batik-gvt/1.16/batik-gvt-1.16.jar:/Users/shiyue/.m2/repository/org/apache/xmlgraphics/batik-parser/1.16/batik-parser-1.16.jar:/Users/shiyue/.m2/repository/org/apache/xmlgraphics/batik-script/1.16/batik-script-1.16.jar:/Users/shiyue/.m2/repository/org/apache/xmlgraphics/batik-svg-dom/1.16/batik-svg-dom-1.16.jar:/Users/shiyue/.m2/repository/org/apache/xmlgraphics/batik-xml/1.16/batik-xml-1.16.jar:/Users/shiyue/.m2/repository/xml-apis/xml-apis-ext/1.3.04/xml-apis-ext-1.3.04.jar:/Users/shiyue/.m2/repository/org/apache/xmlgraphics/batik-shared-resources/1.16/batik-shared-resources-1.16.jar:/Users/shiyue/.m2/repository/org/apache/xmlgraphics/batik-transcoder/1.16/batik-transcoder-1.16.jar:/Users/shiyue/.m2/repository/org/apache/xmlgraphics/batik-svggen/1.16/batik-svggen-1.16.jar:/Users/shiyue/.m2/repository/org/apache/xmlgraphics/batik-util/1.16/batik-util-1.16.jar:/Users/shiyue/.m2/repository/org/apache/xmlgraphics/batik-constants/1.16/batik-constants-1.16.jar:/Users/shiyue/.m2/repository/org/apache/xmlgraphics/batik-i18n/1.16/batik-i18n-1.16.jar:/Users/shiyue/.m2/repository/org/jetbrains/lets-plot/lets-plot-common/3.2.0/lets-plot-common-3.2.0.jar:/Users/shiyue/.m2/repository/io/github/microutils/kotlin-logging/2.0.5/kotlin-logging-2.0.5.jar:/Users/shiyue/.m2/repository/org/jetbrains/kotlinx/kotlinx-html-jvm/0.7.3/kotlinx-html-jvm-0.7.3.jar:/Users/shiyue/.m2/repository/org/jetbrains/lets-plot/lets-plot-kotlin-jvm/4.4.1/lets-plot-kotlin-jvm-4.4.1.jar:/Users/shiyue/.m2/repository/org/jetbrains/lets-plot/base-portable-jvm/3.2.0/base-portable-jvm-3.2.0.jar:/Users/shiyue/.m2/repository/org/jetbrains/lets-plot/plot-base-portable-jvm/3.2.0/plot-base-portable-jvm-3.2.0.jar:/Users/shiyue/.m2/repository/org/jetbrains/lets-plot/vis-svg-portable-jvm/3.2.0/vis-svg-portable-jvm-3.2.0.jar:/Users/shiyue/.m2/repository/org/jetbrains/lets-plot/plot-common-portable-jvm/3.2.0/plot-common-portable-jvm-3.2.0.jar:/Users/shiyue/.m2/repository/org/jetbrains/lets-plot/plot-builder-portable-jvm/3.2.0/plot-builder-portable-jvm-3.2.0.jar:/Users/shiyue/.m2/repository/org/jetbrains/lets-plot/plot-config-portable-jvm/3.2.0/plot-config-portable-jvm-3.2.0.jar:/Users/shiyue/.m2/repository/org/jetbrains/kotlin/kotlin-stdlib-common/1.7.21/kotlin-stdlib-common-1.7.21.jar:/Users/shiyue/.m2/repository/io/github/microutils/kotlin-logging-jvm/2.0.5/kotlin-logging-jvm-2.0.5.jar:/Users/shiyue/.m2/repository/org/apache/commons/commons-collections4/4.4/commons-collections4-4.4.jar:/Users/shiyue/.m2/repository/org/apache/commons/commons-math3/3.6.1/commons-math3-3.6.1.jar:/Users/shiyue/.m2/repository/org/apache/commons/commons-text/1.10.0/commons-text-1.10.0.jar:/Users/shiyue/.m2/repository/org/apache/tika/tika-core/1.28.5/tika-core-1.28.5.jar:/Users/shiyue/.m2/repository/org/apache/xmlgraphics/xmlgraphics-commons/2.8/xmlgraphics-commons-2.8.jar:/Users/shiyue/.m2/repository/org/freemarker/freemarker/2.3.32/freemarker-2.3.32.jar:/Users/shiyue/.m2/repository/org/jodd/jodd-core/5.0.13/jodd-core-5.0.13.jar:/Users/shiyue/.m2/repository/org/jodd/jodd-props/5.0.13/jodd-props-5.0.13.jar:/Users/shiyue/.m2/repository/org/mozilla/rhino/1.7.14/rhino-1.7.14.jar:/Users/shiyue/.m2/repository/org/slf4j/jcl-over-slf4j/1.7.36/jcl-over-slf4j-1.7.36.jar:/Users/shiyue/.m2/repository/org/codehaus/groovy/groovy/3.0.17/groovy-3.0.17.jar:/Users/shiyue/.m2/repository/org/codehaus/groovy/groovy-dateutil/3.0.17/groovy-dateutil-3.0.17.jar:/Users/shiyue/.m2/repository/org/codehaus/groovy/groovy-datetime/3.0.17/groovy-datetime-3.0.17.jar:/Users/shiyue/.m2/repository/org/codehaus/groovy/groovy-jmx/3.0.17/groovy-jmx-3.0.17.jar:/Users/shiyue/.m2/repository/org/codehaus/groovy/groovy-json/3.0.17/groovy-json-3.0.17.jar:/Users/shiyue/.m2/repository/org/codehaus/groovy/groovy-jsr223/3.0.17/groovy-jsr223-3.0.17.jar:/Users/shiyue/.m2/repository/org/codehaus/groovy/groovy-sql/3.0.17/groovy-sql-3.0.17.jar:/Users/shiyue/.m2/repository/org/codehaus/groovy/groovy-templates/3.0.17/groovy-templates-3.0.17.jar:/Users/shiyue/.m2/repository/org/codehaus/groovy/groovy-xml/3.0.17/groovy-xml-3.0.17.jar:/Users/shiyue/.m2/repository/commons-collections/commons-collections/3.2.2/commons-collections-3.2.2.jar:/Users/shiyue/.m2/repository/org/apache/tika/tika-parsers/1.28.5/tika-parsers-1.28.5.jar:/Users/shiyue/.m2/repository/xerces/xercesImpl/2.12.2/xercesImpl-2.12.2.jar:/Users/shiyue/.m2/repository/org/apache/jmeter/ApacheJMeter_http/5.6.2/ApacheJMeter_http-5.6.2.jar:/Users/shiyue/.m2/repository/org/apache/jmeter/ApacheJMeter_components/5.6.2/ApacheJMeter_components-5.6.2.jar:/Users/shiyue/.m2/repository/org/apache-extras/beanshell/bsh/2.0b6/bsh-2.0b6.jar:/Users/shiyue/.m2/repository/javax/mail/mail/1.5.0-b01/mail-1.5.0-b01.jar:/Users/shiyue/.m2/repository/io/burt/jmespath-core/0.5.1/jmespath-core-0.5.1.jar:/Users/shiyue/.m2/repository/io/burt/jmespath-jackson/0.5.1/jmespath-jackson-0.5.1.jar:/Users/shiyue/.m2/repository/jcharts/jcharts/0.7.5/jcharts-0.7.5.jar:/Users/shiyue/.m2/repository/net/minidev/json-smart/2.4.11/json-smart-2.4.11.jar:/Users/shiyue/.m2/repository/net/minidev/accessors-smart/2.4.11/accessors-smart-2.4.11.jar:/Users/shiyue/.m2/repository/org/apache/commons/commons-pool2/2.11.1/commons-pool2-2.11.1.jar:/Users/shiyue/.m2/repository/org/ow2/asm/asm/9.5/asm-9.5.jar:/Users/shiyue/.m2/repository/com/jayway/jsonpath/json-path/2.8.0/json-path-2.8.0.jar:/Users/shiyue/.m2/repository/org/apache/httpcomponents/httpasyncclient/4.1.5/httpasyncclient-4.1.5.jar:/Users/shiyue/.m2/repository/org/apache/httpcomponents/httpcore-nio/4.4.16/httpcore-nio-4.4.16.jar:/Users/shiyue/.m2/repository/com/sun/activation/javax.activation/1.2.0/javax.activation-1.2.0.jar:/Users/shiyue/.m2/repository/commons-io/commons-io/2.12.0/commons-io-2.12.0.jar:/Users/shiyue/.m2/repository/org/jodd/jodd-lagarto/5.0.13/jodd-lagarto-5.0.13.jar:/Users/shiyue/.m2/repository/org/jodd/jodd-log/5.0.13/jodd-log-5.0.13.jar:/Users/shiyue/.m2/repository/org/jsoup/jsoup/1.16.1/jsoup-1.16.1.jar:/Users/shiyue/.m2/repository/commons-net/commons-net/3.9.0/commons-net-3.9.0.jar:/Users/shiyue/.m2/repository/com/helger/commons/ph-commons/10.2.5/ph-commons-10.2.5.jar:/Users/shiyue/.m2/repository/com/helger/ph-css/6.5.0/ph-css-6.5.0.jar:/Users/shiyue/.m2/repository/dnsjava/dnsjava/2.1.9/dnsjava-2.1.9.jar:/Users/shiyue/.m2/repository/org/apache/httpcomponents/httpmime/4.5.14/httpmime-4.5.14.jar:/Users/shiyue/.m2/repository/org/apache/httpcomponents/httpclient/4.5.14/httpclient-4.5.14.jar:/Users/shiyue/.m2/repository/org/apache/httpcomponents/httpcore/4.4.16/httpcore-4.4.16.jar:/Users/shiyue/.m2/repository/org/brotli/dec/0.1.2/dec-0.1.2.jar:/Users/shiyue/.m2/repository/com/aventstack/extentreports/5.1.1/extentreports-5.1.1.jar:/Users/shiyue/.m2/repository/io/reactivex/rxjava3/rxjava/3.1.6/rxjava-3.1.6.jar:/Users/shiyue/.m2/repository/org/reactivestreams/reactive-streams/1.0.4/reactive-streams-1.0.4.jar:/Users/shiyue/.m2/repository/com/google/code/gson/gson/2.10.1/gson-2.10.1.jar:/Users/shiyue/.m2/repository/org/projectlombok/lombok/1.18.30/lombok-1.18.30.jar:/Users/shiyue/.m2/repository/junit/junit/4.13.2/junit-4.13.2.jar:/Users/shiyue/.m2/repository/org/hamcrest/hamcrest-core/1.3/hamcrest-core-1.3.jar:/Users/shiyue/.m2/repository/org/slf4j/slf4j-api/2.0.9/slf4j-api-2.0.9.jar:/Users/shiyue/.m2/repository/ch/qos/logback/logback-classic/1.4.11/logback-classic-1.4.11.jar:/Users/shiyue/.m2/repository/ch/qos/logback/logback-core/1.4.11/logback-core-1.4.11.jar:/Users/shiyue/.m2/repository/com/alibaba/fastjson/2.0.42/fastjson-2.0.42.jar:/Users/shiyue/.m2/repository/com/alibaba/fastjson2/fastjson2-extension/2.0.42/fastjson2-extension-2.0.42.jar:/Users/shiyue/.m2/repository/com/alibaba/fastjson2/fastjson2/2.0.42/fastjson2-2.0.42.jar:/Users/shiyue/.m2/repository/org/apache/commons/commons-lang3/3.13.0/commons-lang3-3.13.0.jar:"/>
    <property name="sun.cpu.endian" value="little"/>
    <property name="user.home" value="/Users/shiyue"/>
    <property name="user.language" value="zh"/>
    <property name="java.specification.vendor" value="Oracle Corporation"/>
    <property name="java.version.date" value="2025-01-21"/>
    <property name="java.home" value="/Library/Java/JavaVirtualMachines/jdk-23.jdk/Contents/Home"/>
    <property name="file.separator" value="/"/>
    <property name="https.proxyHost" value="127.0.0.1"/>
    <property name="basedir" value="/Users/shiyue/Project/JmeterFramework"/>
    <property name="java.vm.compressedOopsMode" value="Zero based"/>
    <property name="line.separator" value="&#10;"/>
    <property name="java.vm.specification.vendor" value="Oracle Corporation"/>
    <property name="java.specification.name" value="Java Platform API Specification"/>
    <property name="apple.awt.application.name" value="ForkedBooter"/>
    <property name="surefire.real.class.path" value="/Users/shiyue/Project/JmeterFramework/target/surefire/surefirebooter-20250316221230492_3.jar"/>
    <property name="user.script" value="Hans"/>
    <property name="sun.management.compiler" value="HotSpot 64-Bit Tiered Compilers"/>
    <property name="ftp.nonProxyHosts" value="192.168.0.0/16|*.192.168.0.0/16|10.0.0.0/8|*.10.0.0.0/8|172.16.0.0/12|*.172.16.0.0/12|127.0.0.1|localhost|*.localhost|local|*.local|timestamp.apple.com|*.timestamp.apple.com|sequoia.apple.com|*.sequoia.apple.com|seed-sequoia.siri.apple.com|*.seed-sequoia.siri.apple.com"/>
    <property name="java.runtime.version" value="23.0.2+7-58"/>
    <property name="user.name" value="shiyue"/>
    <property name="stdout.encoding" value="UTF-8"/>
    <property name="path.separator" value=":"/>
    <property name="os.version" value="15.3.1"/>
    <property name="java.runtime.name" value="Java(TM) SE Runtime Environment"/>
    <property name="file.encoding" value="UTF-8"/>
    <property name="java.vm.name" value="Java HotSpot(TM) 64-Bit Server VM"/>
    <property name="localRepository" value="/Users/shiyue/.m2/repository"/>
    <property name="java.vendor.url.bug" value="https://bugreport.java.com/bugreport/"/>
    <property name="java.io.tmpdir" value="/var/folders/xy/3h7bpd4j3jbb401pdffcyhfw0000gn/T/"/>
    <property name="java.version" value="23.0.2"/>
    <property name="user.dir" value="/Users/shiyue/Project/JmeterFramework"/>
    <property name="os.arch" value="aarch64"/>
    <property name="socksProxyPort" value="7890"/>
    <property name="java.vm.specification.name" value="Java Virtual Machine Specification"/>
    <property name="native.encoding" value="UTF-8"/>
    <property name="java.library.path" value="/Users/shiyue/Library/Java/Extensions:/Library/Java/Extensions:/Network/Library/Java/Extensions:/System/Library/Java/Extensions:/usr/lib/java:."/>
    <property name="java.vm.info" value="mixed mode, sharing"/>
    <property name="stderr.encoding" value="UTF-8"/>
    <property name="java.vendor" value="Oracle Corporation"/>
    <property name="java.vm.version" value="23.0.2+7-58"/>
    <property name="sun.io.unicode.encoding" value="UnicodeBig"/>
    <property name="socksNonProxyHosts" value="192.168.0.0/16|*.192.168.0.0/16|10.0.0.0/8|*.10.0.0.0/8|172.16.0.0/12|*.172.16.0.0/12|127.0.0.1|localhost|*.localhost|local|*.local|timestamp.apple.com|*.timestamp.apple.com|sequoia.apple.com|*.sequoia.apple.com|seed-sequoia.siri.apple.com|*.seed-sequoia.siri.apple.com"/>
    <property name="java.class.version" value="67.0"/>
    <property name="http.proxyPort" value="7890"/>
  </properties>
  <testcase name="testPostEndpoint" classname="com.example.framework.jmeter.JMeterPerformanceTest" time="0.165">
    <error message="Could not read JMeter properties file:resources/jmeter.properties" type="java.lang.RuntimeException"><![CDATA[java.lang.RuntimeException: Could not read JMeter properties file:resources/jmeter.properties
	at org.apache.jmeter.util.JMeterUtils.loadJMeterProperties(JMeterUtils.java:224)
	at com.example.framework.jmeter.JMeterExecutor.<init>(JMeterExecutor.java:20)
	at com.example.framework.jmeter.JMeterPerformanceTest.testPostEndpoint(JMeterPerformanceTest.java:46)
	at java.base/jdk.internal.reflect.DirectMethodHandleAccessor.invoke(DirectMethodHandleAccessor.java:103)
	at java.base/java.lang.reflect.Method.invoke(Method.java:580)
	at org.junit.runners.model.FrameworkMethod$1.runReflectiveCall(FrameworkMethod.java:59)
	at org.junit.internal.runners.model.ReflectiveCallable.run(ReflectiveCallable.java:12)
	at org.junit.runners.model.FrameworkMethod.invokeExplosively(FrameworkMethod.java:56)
	at org.junit.internal.runners.statements.InvokeMethod.evaluate(InvokeMethod.java:17)
	at org.junit.runners.ParentRunner$3.evaluate(ParentRunner.java:306)
	at org.junit.runners.BlockJUnit4ClassRunner$1.evaluate(BlockJUnit4ClassRunner.java:100)
	at org.junit.runners.ParentRunner.runLeaf(ParentRunner.java:366)
	at org.junit.runners.BlockJUnit4ClassRunner.runChild(BlockJUnit4ClassRunner.java:103)
	at org.junit.runners.BlockJUnit4ClassRunner.runChild(BlockJUnit4ClassRunner.java:63)
	at org.junit.runners.ParentRunner$4.run(ParentRunner.java:331)
	at org.junit.runners.ParentRunner$1.schedule(ParentRunner.java:79)
	at org.junit.runners.ParentRunner.runChildren(ParentRunner.java:329)
	at org.junit.runners.ParentRunner.access$100(ParentRunner.java:66)
	at org.junit.runners.ParentRunner$2.evaluate(ParentRunner.java:293)
	at org.junit.runners.ParentRunner$3.evaluate(ParentRunner.java:306)
	at org.junit.runners.ParentRunner.run(ParentRunner.java:413)
	at org.apache.maven.surefire.junit4.JUnit4Provider.execute(JUnit4Provider.java:316)
	at org.apache.maven.surefire.junit4.JUnit4Provider.executeWithRerun(JUnit4Provider.java:240)
	at org.apache.maven.surefire.junit4.JUnit4Provider.executeTestSet(JUnit4Provider.java:214)
	at org.apache.maven.surefire.junit4.JUnit4Provider.invoke(JUnit4Provider.java:155)
	at org.apache.maven.surefire.booter.ForkedBooter.runSuitesInProcess(ForkedBooter.java:385)
	at org.apache.maven.surefire.booter.ForkedBooter.execute(ForkedBooter.java:162)
	at org.apache.maven.surefire.booter.ForkedBooter.run(ForkedBooter.java:507)
	at org.apache.maven.surefire.booter.ForkedBooter.main(ForkedBooter.java:495)
]]></error>
  </testcase>
  <testcase name="testHttpEndpoint" classname="com.example.framework.jmeter.JMeterPerformanceTest" time="0.0">
    <error message="Could not read JMeter properties file:resources/jmeter.properties" type="java.lang.RuntimeException"><![CDATA[java.lang.RuntimeException: Could not read JMeter properties file:resources/jmeter.properties
	at org.apache.jmeter.util.JMeterUtils.loadJMeterProperties(JMeterUtils.java:224)
	at com.example.framework.jmeter.JMeterExecutor.<init>(JMeterExecutor.java:20)
	at com.example.framework.jmeter.JMeterPerformanceTest.testHttpEndpoint(JMeterPerformanceTest.java:26)
	at java.base/jdk.internal.reflect.DirectMethodHandleAccessor.invoke(DirectMethodHandleAccessor.java:103)
	at java.base/java.lang.reflect.Method.invoke(Method.java:580)
	at org.junit.runners.model.FrameworkMethod$1.runReflectiveCall(FrameworkMethod.java:59)
	at org.junit.internal.runners.model.ReflectiveCallable.run(ReflectiveCallable.java:12)
	at org.junit.runners.model.FrameworkMethod.invokeExplosively(FrameworkMethod.java:56)
	at org.junit.internal.runners.statements.InvokeMethod.evaluate(InvokeMethod.java:17)
	at org.junit.runners.ParentRunner$3.evaluate(ParentRunner.java:306)
	at org.junit.runners.BlockJUnit4ClassRunner$1.evaluate(BlockJUnit4ClassRunner.java:100)
	at org.junit.runners.ParentRunner.runLeaf(ParentRunner.java:366)
	at org.junit.runners.BlockJUnit4ClassRunner.runChild(BlockJUnit4ClassRunner.java:103)
	at org.junit.runners.BlockJUnit4ClassRunner.runChild(BlockJUnit4ClassRunner.java:63)
	at org.junit.runners.ParentRunner$4.run(ParentRunner.java:331)
	at org.junit.runners.ParentRunner$1.schedule(ParentRunner.java:79)
	at org.junit.runners.ParentRunner.runChildren(ParentRunner.java:329)
	at org.junit.runners.ParentRunner.access$100(ParentRunner.java:66)
	at org.junit.runners.ParentRunner$2.evaluate(ParentRunner.java:293)
	at org.junit.runners.ParentRunner$3.evaluate(ParentRunner.java:306)
	at org.junit.runners.ParentRunner.run(ParentRunner.java:413)
	at org.apache.maven.surefire.junit4.JUnit4Provider.execute(JUnit4Provider.java:316)
	at org.apache.maven.surefire.junit4.JUnit4Provider.executeWithRerun(JUnit4Provider.java:240)
	at org.apache.maven.surefire.junit4.JUnit4Provider.executeTestSet(JUnit4Provider.java:214)
	at org.apache.maven.surefire.junit4.JUnit4Provider.invoke(JUnit4Provider.java:155)
	at org.apache.maven.surefire.booter.ForkedBooter.runSuitesInProcess(ForkedBooter.java:385)
	at org.apache.maven.surefire.booter.ForkedBooter.execute(ForkedBooter.java:162)
	at org.apache.maven.surefire.booter.ForkedBooter.run(ForkedBooter.java:507)
	at org.apache.maven.surefire.booter.ForkedBooter.main(ForkedBooter.java:495)
]]></error>
  </testcase>
</testsuite>